<?xml version="1.0" encoding="UTF-8"?>
<!-- Generated by org.testng.reporters.JUnitXMLReporter -->
<testsuite ignored="0" hostname="Khosruz" failures="1" tests="5" name="AdhoocTest" time="9.125" errors="0" timestamp="2023-09-05T12:32:35 EDT">
  <testcase classname="com.Tests.LoginPageTest" name="@AfterMethod tearDown" time="0.001">
    <failure type="java.lang.NullPointerException" message="Cannot invoke &amp;quot;org.openqa.selenium.WebDriver.manage()&amp;quot; because &amp;quot;com.Tests.LoginPageTest.driver&amp;quot; is null">
      <![CDATA[java.lang.NullPointerException: Cannot invoke "org.openqa.selenium.WebDriver.manage()" because "com.Tests.LoginPageTest.driver" is null
at com.Tests.LoginPageTest.tearDown(LoginPageTest.java:59)
at java.base/java.util.ArrayList.forEach(ArrayList.java:1511)
... Removed 32 stack frames]]>
    </failure>
  </testcase> <!-- @AfterMethod tearDown -->
  <testcase classname="com.Tests.LoginPageTest" name="@BeforeMethod tearUp" time="0.0">
    <skipped/>
  </testcase> <!-- @BeforeMethod tearUp -->
  <testcase classname="com.Tests.LoginPageTest" name="@AfterMethod tearDown" time="0.0">
    <skipped/>
  </testcase> <!-- @AfterMethod tearDown -->
  <testcase classname="com.Tests.LoginPageTest" name="@BeforeMethod tearUp" time="0.0">
    <skipped/>
  </testcase> <!-- @BeforeMethod tearUp -->
  <testcase classname="com.Tests.LoginPageTest" name="@AfterMethod tearDown" time="0.0">
    <skipped/>
  </testcase> <!-- @AfterMethod tearDown -->
  <testcase classname="com.Tests.LoginPageTest" name="@BeforeMethod tearUp" time="0.0">
    <skipped/>
  </testcase> <!-- @BeforeMethod tearUp -->
  <testcase classname="com.Tests.LoginPageTest" name="@AfterMethod tearDown" time="0.0">
    <skipped/>
  </testcase> <!-- @AfterMethod tearDown -->
  <testcase classname="com.Tests.LoginPageTest" name="@BeforeMethod tearUp" time="0.0">
    <skipped/>
  </testcase> <!-- @BeforeMethod tearUp -->
  <testcase classname="com.Tests.LoginPageTest" name="@AfterMethod tearDown" time="0.0">
    <skipped/>
  </testcase> <!-- @AfterMethod tearDown -->
  <testcase classname="com.Tests.LoginPageTest" name="pageTitleTest" time="0.046">
    <skipped/>
  </testcase> <!-- pageTitleTest -->
  <testcase classname="com.Tests.LoginPageTest" name="pageTitleTest" time="0.002">
    <skipped/>
  </testcase> <!-- pageTitleTest -->
  <testcase classname="com.Tests.LoginPageTest" name="pageTitleTest" time="0.001">
    <failure type="java.lang.NullPointerException" message="Cannot invoke &amp;quot;org.openqa.selenium.WebDriver.getTitle()&amp;quot; because &amp;quot;com.Pages.LoginPage.driver&amp;quot; is null">
      <![CDATA[java.lang.NullPointerException: Cannot invoke "org.openqa.selenium.WebDriver.getTitle()" because "com.Pages.LoginPage.driver" is null
at com.Pages.LoginPage.validatePageTitle(LoginPage.java:29)
at com.Tests.LoginPageTest.pageTitleTest(LoginPageTest.java:36)
at java.base/java.util.ArrayList.forEach(ArrayList.java:1511)
... Removed 27 stack frames]]>
    </failure>
  </testcase> <!-- pageTitleTest -->
  <testcase classname="com.Tests.LoginPageTest" name="loginTest" time="0.0">
    <skipped/>
  </testcase> <!-- loginTest -->
  <testcase classname="com.Tests.LoginPageTest" name="displayNameTest" time="0.0">
    <skipped/>
  </testcase> <!-- displayNameTest -->
</testsuite> <!-- AdhoocTest -->
