<?xml version="1.0" encoding="UTF-8"?>
<!-- Generated by org.testng.reporters.JUnitXMLReporter -->
<testsuite ignored="1" hostname="Khosruz" failures="2" tests="23" name="Test" time="71.807" errors="0" timestamp="2023-09-06T10:06:56 EDT">
  <testcase classname="com.Tests.LoginPageTest" name="pageTitleTest" time="0.033"/>
  <testcase classname="com.Tests.LoginPageTest" name="loginTest" time="0.349"/>
  <testcase classname="com.Tests.LoginPageTest" name="displayNameTest" time="0.454">
    <failure type="java.lang.AssertionError" message="Expected user not found!! expected [mariac] but found [maria]">
      <![CDATA[java.lang.AssertionError: Expected user not found!! expected [mariac] but found [maria]
at com.Tests.LoginPageTest.displayNameTest(LoginPageTest.java:53)
at java.base/java.util.ArrayList.forEach(ArrayList.java:1511)
... Removed 32 stack frames]]>
    </failure>
  </testcase> <!-- displayNameTest -->
  <testcase classname="com.Tests.DeshBoardHomeTest" name="pageTitleTest" time="0.017"/>
  <testcase classname="com.Tests.DeshBoardHomeTest" name="salseDataTest" time="1.665"/>
  <testcase classname="com.Tests.DeshBoardHomeTest" name="salseDataTest" time="2.28"/>
  <testcase classname="com.Tests.DeshBoardHomeTest" name="salseDataTest" time="1.703"/>
  <testcase classname="com.Tests.DeshBoardHomeTest" name="salseDataTest" time="3.523"/>
  <testcase classname="com.Tests.DeshBoardHomeTest" name="salseDataTest" time="1.099"/>
  <testcase classname="com.Tests.DeshBoardHomeTest" name="salseDataTest" time="3.445"/>
  <testcase classname="com.Tests.DeshBoardHomeTest" name="salseDataTest" time="2.233"/>
  <testcase classname="com.Tests.DeshBoardHomeTest" name="salseDataTest" time="2.267"/>
  <testcase classname="com.Tests.HomePageTest" name="homeButtonTest" time="0.05"/>
  <testcase classname="com.Tests.HomePageTest" name="homePageText" time="0.031"/>
  <testcase classname="com.Tests.HomePageTest" name="loginButtonTest" time="0.057"/>
  <testcase classname="com.Tests.HomePageTest" name="orderButtonTest" time="0.06"/>
  <testcase classname="com.Tests.HomePageTest" name="pageTitleTest" time="0.006"/>
  <testcase classname="com.Tests.DeshBoardOrderTest" name="pageTitleTest" time="0.009"/>
  <testcase classname="com.Tests.DeshBoardOrderTest" name="orderManueTest" time="0.036"/>
  <testcase classname="com.Tests.DeshBoardOrderTest" name="heasdSelectionTest" time="0.572"/>
  <testcase classname="com.Tests.DeshBoardOrderTest" name="bodySelectionTest" time="0.226"/>
  <testcase classname="com.Tests.DeshBoardOrderTest" name="legsSelectionTest" time="0.115"/>
  <testcase classname="com.Tests.DeshBoardOrderTest" name="shippingAddress" time="1.77">
    <failure type="org.openqa.selenium.NoSuchElementException" message="no such element: Unable to locate element: {&amp;quot;method&amp;quot;:&amp;quot;xpath&amp;quot;,&amp;quot;selector&amp;quot;:&amp;quot;//div[@id=&amp;apos;receipt&amp;apos;]&amp;quot;}
  (Session info: chrome=116.0.5845.142)
For documentation on this error, please visit: https://www.seleniumhq.org/exceptions/no_such_element.html
Build info: version: &amp;apos;3.141.59&amp;apos;, revision: &amp;apos;e82be7d358&amp;apos;, time: &amp;apos;2018-11-14T08:17:03&amp;apos;
System info: host: &amp;apos;KHOSRUZ&amp;apos;, ip: &amp;apos;192.168.0.26&amp;apos;, os.name: &amp;apos;Windows 11&amp;apos;, os.arch: &amp;apos;amd64&amp;apos;, os.version: &amp;apos;10.0&amp;apos;, java.version: &amp;apos;17.0.8&amp;apos;
Driver info: org.openqa.selenium.chrome.ChromeDriver
Capabilities {acceptInsecureCerts: false, browserName: chrome, browserVersion: 116.0.5845.142, chrome: {chromedriverVersion: 116.0.5845.96 (1a3918166880..., userDataDir: C:\Users\zaman\AppData\Loca...}, fedcm:accounts: true, goog:chromeOptions: {debuggerAddress: localhost:56926}, javascriptEnabled: true, networkConnectionEnabled: false, pageLoadStrategy: normal, platform: WINDOWS, platformName: WINDOWS, proxy: Proxy(), setWindowRect: true, strictFileInteractability: false, timeouts: {implicit: 0, pageLoad: 300000, script: 30000}, unhandledPromptBehavior: dismiss and notify, webauthn:extension:credBlob: true, webauthn:extension:largeBlob: true, webauthn:extension:minPinLength: true, webauthn:extension:prf: true, webauthn:virtualAuthenticators: true}
Session ID: 7db19a66ea98d9462314f5928fbbcb29
*** Element info: {Using=xpath, value=//div[@id=&amp;apos;receipt&amp;apos;]}">
      <![CDATA[org.openqa.selenium.NoSuchElementException: no such element: Unable to locate element: {"method":"xpath","selector":"//div[@id='receipt']"}
  (Session info: chrome=116.0.5845.142)
For documentation on this error, please visit: https://www.seleniumhq.org/exceptions/no_such_element.html
Build info: version: '3.141.59', revision: 'e82be7d358', time: '2018-11-14T08:17:03'
System info: host: 'KHOSRUZ', ip: '192.168.0.26', os.name: 'Windows 11', os.arch: 'amd64', os.version: '10.0', java.version: '17.0.8'
Driver info: org.openqa.selenium.chrome.ChromeDriver
Capabilities {acceptInsecureCerts: false, browserName: chrome, browserVersion: 116.0.5845.142, chrome: {chromedriverVersion: 116.0.5845.96 (1a3918166880..., userDataDir: C:\Users\zaman\AppData\Loca...}, fedcm:accounts: true, goog:chromeOptions: {debuggerAddress: localhost:56926}, javascriptEnabled: true, networkConnectionEnabled: false, pageLoadStrategy: normal, platform: WINDOWS, platformName: WINDOWS, proxy: Proxy(), setWindowRect: true, strictFileInteractability: false, timeouts: {implicit: 0, pageLoad: 300000, script: 30000}, unhandledPromptBehavior: dismiss and notify, webauthn:extension:credBlob: true, webauthn:extension:largeBlob: true, webauthn:extension:minPinLength: true, webauthn:extension:prf: true, webauthn:virtualAuthenticators: true}
Session ID: 7db19a66ea98d9462314f5928fbbcb29
*** Element info: {Using=xpath, value=//div[@id='receipt']}
at org.openqa.selenium.remote.http.W3CHttpResponseCodec.createException(W3CHttpResponseCodec.java:187)
at org.openqa.selenium.remote.http.W3CHttpResponseCodec.decode(W3CHttpResponseCodec.java:122)
at org.openqa.selenium.remote.http.W3CHttpResponseCodec.decode(W3CHttpResponseCodec.java:49)
at org.openqa.selenium.remote.HttpCommandExecutor.execute(HttpCommandExecutor.java:158)
at org.openqa.selenium.remote.service.DriverCommandExecutor.execute(DriverCommandExecutor.java:83)
at org.openqa.selenium.remote.RemoteWebDriver.execute(RemoteWebDriver.java:552)
at org.openqa.selenium.remote.RemoteWebDriver.findElement(RemoteWebDriver.java:323)
at org.openqa.selenium.remote.RemoteWebDriver.findElementByXPath(RemoteWebDriver.java:428)
at org.openqa.selenium.By$ByXPath.findElement(By.java:353)
at org.openqa.selenium.remote.RemoteWebDriver.findElement(RemoteWebDriver.java:315)
at org.openqa.selenium.support.pagefactory.DefaultElementLocator.findElement(DefaultElementLocator.java:69)
at org.openqa.selenium.support.pagefactory.internal.LocatingElementHandler.invoke(LocatingElementHandler.java:38)
at jdk.proxy2/jdk.proxy2.$Proxy15.getText(Unknown Source)
at com.Pages.DeshBoardOrder.fullReceiptDisplay(DeshBoardOrder.java:153)
at com.Tests.DeshBoardOrderTest.shippingAddress(DeshBoardOrderTest.java:91)
at java.base/java.util.ArrayList.forEach(ArrayList.java:1511)
... Removed 32 stack frames]]>
    </failure>
  </testcase> <!-- shippingAddress -->
  <testcase classname="com.Tests.DeshBoardOrderTest" name="displayReceipt" time="0.0">
    <ignored/>
  </testcase> <!-- displayReceipt -->
</testsuite> <!-- Test -->
