<?xml version="1.0" encoding="UTF-8"?>
<!-- Generated by org.testng.reporters.JUnitXMLReporter -->
<testsuite ignored="0" hostname="Khosruz" failures="3" tests="15" name="Test" time="48.303" errors="0" timestamp="2023-09-04T17:47:38 EDT">
  <testcase classname="com.Tests.LoginPageTest" name="pageTitleTest" time="0.078">
    <skipped/>
  </testcase> <!-- pageTitleTest -->
  <testcase classname="com.Tests.LoginPageTest" name="pageTitleTest" time="0.009">
    <failure type="java.lang.AssertionError" message="Title is missing!! expected [RobotSpareBin Industries Inc.. - Intranet] but found [RobotSpareBin Industries Inc. - Intranet]">
      <![CDATA[java.lang.AssertionError: Title is missing!! expected [RobotSpareBin Industries Inc.. - Intranet] but found [RobotSpareBin Industries Inc. - Intranet]
at com.Tests.LoginPageTest.pageTitleTest(LoginPageTest.java:34)
at java.base/java.util.ArrayList.forEach(ArrayList.java:1511)
... Removed 32 stack frames]]>
    </failure>
  </testcase> <!-- pageTitleTest -->
  <testcase classname="com.Tests.LoginPageTest" name="loginTest" time="0.303">
    <skipped/>
  </testcase> <!-- loginTest -->
  <testcase classname="com.Tests.LoginPageTest" name="loginTest" time="0.249">
    <failure type="java.lang.AssertionError" message="Title is missing!! expected [RobotSpareBin Industries Inc.. - Intranet] but found [RobotSpareBin Industries Inc. - Intranet]">
      <![CDATA[java.lang.AssertionError: Title is missing!! expected [RobotSpareBin Industries Inc.. - Intranet] but found [RobotSpareBin Industries Inc. - Intranet]
at com.Tests.LoginPageTest.pageTitleTest(LoginPageTest.java:34)
at com.Tests.LoginPageTest.loginTest(LoginPageTest.java:41)
at java.base/java.util.ArrayList.forEach(ArrayList.java:1511)
... Removed 32 stack frames]]>
    </failure>
  </testcase> <!-- loginTest -->
  <testcase classname="com.Tests.LoginPageTest" name="displayNameTest" time="0.258">
    <skipped/>
  </testcase> <!-- displayNameTest -->
  <testcase classname="com.Tests.LoginPageTest" name="displayNameTest" time="0.265">
    <failure type="java.lang.AssertionError" message="Title is missing!! expected [RobotSpareBin Industries Inc.. - Intranet] but found [RobotSpareBin Industries Inc. - Intranet]">
      <![CDATA[java.lang.AssertionError: Title is missing!! expected [RobotSpareBin Industries Inc.. - Intranet] but found [RobotSpareBin Industries Inc. - Intranet]
at com.Tests.LoginPageTest.pageTitleTest(LoginPageTest.java:34)
at com.Tests.LoginPageTest.loginTest(LoginPageTest.java:41)
at com.Tests.LoginPageTest.displayNameTest(LoginPageTest.java:47)
at java.base/java.util.ArrayList.forEach(ArrayList.java:1511)
... Removed 32 stack frames]]>
    </failure>
  </testcase> <!-- displayNameTest -->
  <testcase classname="com.Tests.DeshBoardHomeTest" name="pageTitleTest" time="0.012"/>
  <testcase classname="com.Tests.DeshBoardHomeTest" name="salseDataTest" time="1.129"/>
  <testcase classname="com.Tests.DeshBoardHomeTest" name="salseDataTest" time="1.661"/>
  <testcase classname="com.Tests.DeshBoardHomeTest" name="salseDataTest" time="1.008"/>
  <testcase classname="com.Tests.DeshBoardHomeTest" name="salseDataTest" time="0.907"/>
  <testcase classname="com.Tests.DeshBoardHomeTest" name="salseDataTest" time="2.051"/>
  <testcase classname="com.Tests.DeshBoardHomeTest" name="salseDataTest" time="2.611"/>
  <testcase classname="com.Tests.DeshBoardHomeTest" name="salseDataTest" time="2.061"/>
  <testcase classname="com.Tests.DeshBoardHomeTest" name="salseDataTest" time="1.834"/>
</testsuite> <!-- Test -->
